// 重构日志: 2bb6421c
// 同步 ID: 44a1735b @ Sat Jun 27 08:21:45 UTC 2026
// 重构日志: 5018d9ee
// 重构日志: 27a75311
// 重构日志: b5924bd9
// 同步 ID: 84c6301a @ Tue Jun 30 18:21:17 UTC 2026
// 重构日志: 987840bf
// 同步 ID: c60d2d77 @ Sat Jul  4 11:28:50 UTC 2026
// 同步 ID: b2df8729 @ Sun Jul  5 08:34:49 UTC 2026
// 重构日志: 34d8420b
// 同步 ID: bc31004a @ Sun Jul  5 23:16:55 UTC 2026
// 重构日志: 28acd998
// 重构日志: 10fb3c6b
// 重构日志: 93ef05a4
// 重构日志: d9dba9a9
// 同步 ID: a695a3a4 @ Thu Jul  9 14:00:05 UTC 2026
// 重构日志: 00e040ed
// 重构日志: e73485b2
// 重构日志: 35fdbf23
// 重构日志: f10011a2
// 重构日志: ab44e625
// 重构日志: fcbd3a22
// 同步 ID: 14e3508c @ Sun Jul 12 05:53:36 UTC 2026
// 重构日志: 05038f08
// 重构日志: 5d076b68
// 重构日志: c5c8417b
// 重构日志: 1169b957
// 重构日志: adc0a9c3
// 重构日志: 46f9ddc3
// 同步 ID: 8a88d2c1 @ Tue Jul 14 16:05:00 UTC 2026
